<?xml version="1.0" encoding="UTF-8"?>
<!-- Generated by org.testng.reporters.JUnitXMLReporter -->
<testsuite ignored="0" hostname="DESKTOP-3O467S2" failures="1" tests="9" name="Test" time="0.013" errors="0" timestamp="28 Jan 2022 16:43:30 GMT">
  <testcase classname="selenium.Testing1" name="abc" time="0.0"/>
  <testcase classname="selenium.Testing1" name="abc" time="0.0"/>
  <testcase classname="selenium.Testing1" name="test1" time="0.0"/>
  <testcase classname="selenium.Testing1" name="test2" time="0.0"/>
  <testcase classname="selenium.Testing2" name="test4" time="0.0"/>
  <testcase classname="selenium.Testing2" name="test5" time="0.0"/>
  <testcase classname="selenium.Testing3" name="createUser" time="0.001">
    <failure type="java.lang.AssertionError" message="Verifying Element expected [true] but found [false]">
      <![CDATA[java.lang.AssertionError: Verifying Element expected [true] but found [false]
at selenium.Testing3.createUser(Testing3.java:15)
... Removed 27 stack frames]]>
    </failure>
  </testcase> <!-- createUser -->
  <testcase classname="selenium.Testing3" name="editUser" time="0.0">
    <skipped/>
  </testcase> <!-- editUser -->
  <testcase classname="selenium.Testing3" name="deleteUser" time="0.0">
    <skipped/>
  </testcase> <!-- deleteUser -->
</testsuite> <!-- Test -->
